0 info it worked if it ends with ok
1 verbose cli [ 'W:\\softwares\\01_node\\\\node.exe',
1 verbose cli   'W:\\softwares\\01_node\\node_modules\\npm\\bin\\npm-cli.js',
1 verbose cli   'install',
1 verbose cli   'https' ]
2 info using npm@1.4.28
3 info using node@v0.10.33
4 verbose node symlink W:\softwares\01_node\\node.exe
5 warn package.json http@0.0.0 http is also the name of a node core module.
6 warn package.json http@0.0.0 No description
7 warn package.json http@0.0.0 No repository field.
8 warn package.json http@0.0.0 No README data
9 warn package.json querystring@0.2.0 querystring is also the name of a node core module.
10 warn package.json util@0.10.3 util is also the name of a node core module.
11 warn package.json fs@0.0.2 fs is also the name of a node core module.
12 warn package.json fs@0.0.2 No description
13 warn package.json fs@0.0.2 No repository field.
14 warn package.json fs@0.0.2 No README data
15 warn package.json events@1.0.2 events is also the name of a node core module.
16 warn package.json url@0.10.1 url is also the name of a node core module.
17 verbose cache add [ 'https', null ]
18 verbose cache add name=undefined spec="https" args=["https",null]
19 verbose parsed url { protocol: null,
19 verbose parsed url   slashes: null,
19 verbose parsed url   auth: null,
19 verbose parsed url   host: null,
19 verbose parsed url   port: null,
19 verbose parsed url   hostname: null,
19 verbose parsed url   hash: null,
19 verbose parsed url   search: null,
19 verbose parsed url   query: null,
19 verbose parsed url   pathname: 'https',
19 verbose parsed url   path: 'https',
19 verbose parsed url   href: 'https' }
20 silly lockFile c3437dbc-https https
21 verbose lock https W:\Users\panditji\AppData\Roaming\npm-cache\c3437dbc-https.lock
22 silly lockFile c3437dbc-https https
23 silly lockFile c3437dbc-https https
24 verbose addNamed [ 'https', '' ]
25 verbose addNamed [ null, '*' ]
26 silly lockFile 421d451a-https https@
27 verbose lock https@ W:\Users\panditji\AppData\Roaming\npm-cache\421d451a-https.lock
28 silly addNameRange { name: 'https', range: '*', hasData: false }
29 verbose request where is /https
30 verbose request registry https://registry.npmjs.org/
31 verbose request id 11d29dcb61cc2450
32 verbose url raw /https
33 verbose url resolving [ 'https://registry.npmjs.org/', './https' ]
34 verbose url resolved https://registry.npmjs.org/https
35 verbose request where is https://registry.npmjs.org/https
36 info trying registry request attempt 1 at 22:49:33
37 http GET https://registry.npmjs.org/https
38 info retry will retry, error on last attempt: Error: getaddrinfo ENOTFOUND
39 info trying registry request attempt 2 at 22:49:54
40 http GET https://registry.npmjs.org/https
41 info retry will retry, error on last attempt: Error: getaddrinfo ENOTFOUND
42 info trying registry request attempt 3 at 22:51:06
43 http GET https://registry.npmjs.org/https
44 http 404 https://registry.npmjs.org/https
45 verbose headers { date: 'Wed, 14 Jan 2015 17:21:12 GMT',
45 verbose headers   server: 'CouchDB/1.5.0 (Erlang OTP/R16B03)',
45 verbose headers   'content-type': 'application/json',
45 verbose headers   'cache-control': 'max-age=0',
45 verbose headers   'content-length': '52',
45 verbose headers   'accept-ranges': 'bytes',
45 verbose headers   via: '1.1 varnish',
45 verbose headers   age: '0',
45 verbose headers   'x-served-by': 'cache-fra1232-FRA',
45 verbose headers   'x-cache': 'MISS',
45 verbose headers   'x-cache-hits': '0',
45 verbose headers   'x-timer': 'S1421256072.126808,VS0,VE717',
45 verbose headers   'keep-alive': 'timeout=10, max=50',
45 verbose headers   connection: 'Keep-Alive' }
46 silly registry.get cb [ 404,
46 silly registry.get   { date: 'Wed, 14 Jan 2015 17:21:12 GMT',
46 silly registry.get     server: 'CouchDB/1.5.0 (Erlang OTP/R16B03)',
46 silly registry.get     'content-type': 'application/json',
46 silly registry.get     'cache-control': 'max-age=0',
46 silly registry.get     'content-length': '52',
46 silly registry.get     'accept-ranges': 'bytes',
46 silly registry.get     via: '1.1 varnish',
46 silly registry.get     age: '0',
46 silly registry.get     'x-served-by': 'cache-fra1232-FRA',
46 silly registry.get     'x-cache': 'MISS',
46 silly registry.get     'x-cache-hits': '0',
46 silly registry.get     'x-timer': 'S1421256072.126808,VS0,VE717',
46 silly registry.get     'keep-alive': 'timeout=10, max=50',
46 silly registry.get     connection: 'Keep-Alive' } ]
47 silly lockFile 421d451a-https https@
48 silly lockFile 421d451a-https https@
49 error 404 404 Not Found: https
49 error 404
49 error 404 'https' is not in the npm registry.
49 error 404 You should bug the author to publish it
49 error 404
49 error 404 Note that you can also install from a
49 error 404 tarball, folder, or http url, or git url.
50 error System Windows_NT 6.1.7601
51 error command "W:\\softwares\\01_node\\\\node.exe" "W:\\softwares\\01_node\\node_modules\\npm\\bin\\npm-cli.js" "install" "https"
52 error cwd E:\Work2\Apps\server01
53 error node -v v0.10.33
54 error npm -v 1.4.28
55 error code E404
56 verbose exit [ 1, true ]
